<!DOCTYPE html PUBLIC "-//W3C//DTD XHTML 1.1//EN" "http://www.w3.org/TR/xhtml11/DTD/xhtml11.dtd">
<html xmlns="http://www.w3.org/1999/xhtml">
<head>
<meta http-equiv="content-type" content="text/html; charset=UTF-8"/>
<title>TestNG Report</title>
<style type="text/css">table {margin-bottom:10px;border-collapse:collapse;empty-cells:show}th,td {border:1px solid #009;padding:.25em .5em}th {vertical-align:bottom}td {vertical-align:top}table a {font-weight:bold}.stripe td {background-color: #E6EBF9}.num {text-align:right}.passedodd td {background-color: #3F3}.passedeven td {background-color: #0A0}.skippedodd td {background-color: #DDD}.skippedeven td {background-color: #CCC}.failedodd td,.attn {background-color: #F33}.failedeven td,.stripe .attn {background-color: #D00}.stacktrace {white-space:pre;font-family:monospace}.totop {font-size:85%;text-align:center;border-bottom:2px solid #000}.invisible {display:none}</style>
</head>
<body>
<table>
<tr><th>Test</th><th># Passed</th><th># Skipped</th><th># Retried</th><th># Failed</th><th>Time (ms)</th><th>Included Groups</th><th>Excluded Groups</th></tr>
<tr><th colspan="7">Suite</th></tr>
<tr><td><a href="#t0">Test</a></td><td class="num">10</td><td class="num">0</td><td class="num">0</td><td class="num attn">2</td><td class="num">961,732</td><td></td><td></td></tr>
</table>
<table id='summary'><thead><tr><th>Class</th><th>Method</th><th>Start</th><th>Time (ms)</th></tr></thead><tbody><tr><th colspan="4">Suite</th></tr></tbody><tbody id="t0"><tr><th colspan="4">Test &#8212; failed</th></tr><tr class="failedeven"><td rowspan="1">bugpack.BUG_2102</td><td><a href="#m0">LongRunDemo</a></td><td rowspan="1">1582015288029</td><td rowspan="1">91649</td></tr><tr class="failedodd"><td rowspan="1">bugpack.Bug_2109</td><td><a href="#m1">LongRunDemo</a></td><td rowspan="1">1582015379697</td><td rowspan="1">129044</td></tr><tr><th colspan="4">Test &#8212; passed</th></tr><tr class="passedeven"><td rowspan="1">bugpack.BUG_1985</td><td><a href="#m2">LongRunDemo</a></td><td rowspan="1">1582015053370</td><td rowspan="1">62850</td></tr><tr class="passedodd"><td rowspan="1">bugpack.BUG_2087</td><td><a href="#m3">LongRunDemo</a></td><td rowspan="1">1582014801401</td><td rowspan="1">59040</td></tr><tr class="passedeven"><td rowspan="1">bugpack.BUG_2087CH</td><td><a href="#m4">LongRunDemo</a></td><td rowspan="1">1582014860477</td><td rowspan="1">65677</td></tr><tr class="passedodd"><td rowspan="1">bugpack.BUG_2089</td><td><a href="#m5">LongRunDemo</a></td><td rowspan="1">1582015116260</td><td rowspan="1">171739</td></tr><tr class="passedeven"><td rowspan="1">bugpack.BUG_2127</td><td><a href="#m6">LongRunDemo</a></td><td rowspan="1">1582015508766</td><td rowspan="1">63132</td></tr><tr class="passedodd"><td rowspan="1">bugpack.BUG_2128</td><td><a href="#m7">LongRunDemo</a></td><td rowspan="1">1582015571942</td><td rowspan="1">62801</td></tr><tr class="passedeven"><td rowspan="1">bugpack.BUG_2160</td><td><a href="#m8">LongRunDemo</a></td><td rowspan="1">1582015634760</td><td rowspan="1">64396</td></tr><tr class="passedodd"><td rowspan="1">bugpack.BUG_2187</td><td><a href="#m9">LongRunDemo</a></td><td rowspan="1">1582014926190</td><td rowspan="1">61061</td></tr><tr class="passedeven"><td rowspan="1">bugpack.BUG_2187CH</td><td><a href="#m10">LongRunDemo</a></td><td rowspan="1">1582014987268</td><td rowspan="1">66072</td></tr><tr class="passedodd"><td rowspan="1">bugpack.BUG_2188</td><td><a href="#m11">LongRunDemo</a></td><td rowspan="1">1582015699183</td><td rowspan="1">63531</td></tr></tbody>
</table>
<h2>Test</h2><h3 id="m0">bugpack.BUG_2102#LongRunDemo</h3><table class="result"><tr class="param"><th>Parameter #1</th><th>Parameter #2</th><th>Parameter #3</th></tr><tr class="param stripe"><td>http://10.0.0.202</td><td>C:\System\Automatiom_Exceldata\BUGS_Auto_json\Jons\BUG_2102.json</td><td>BUG_2102</td></tr><tr><th colspan="3">Exception</th></tr><tr><td colspan="3"><div class="stacktrace">org.openqa.selenium.NoSuchElementException: no such element: Unable to locate element: {&quot;method&quot;:&quot;id&quot;,&quot;selector&quot;:&quot;input_stream_live_started_0_0&quot;}
  (Session info: chrome=80.0.3987.106)
  (Driver info: chromedriver=2.40.565498 (ea082db3280dd6843ebfb08a625e3eb905c4f5ab),platform=Windows NT 6.1.7600 x86_64) (WARNING: The server did not provide any stacktrace information)
Command duration or timeout: 0 milliseconds
For documentation on this error, please visit: https://www.seleniumhq.org/exceptions/no_such_element.html
Build info: version: &apos;3.141.59&apos;, revision: &apos;e82be7d358&apos;, time: &apos;2018-11-14T08:25:53&apos;
System info: host: &apos;SR39-PC&apos;, ip: &apos;10.0.0.39&apos;, os.name: &apos;Windows 7&apos;, os.arch: &apos;amd64&apos;, os.version: &apos;6.1&apos;, java.version: &apos;1.8.0_92&apos;
Driver info: org.openqa.selenium.chrome.ChromeDriver
Capabilities {acceptInsecureCerts: false, acceptSslCerts: false, applicationCacheEnabled: false, browserConnectionEnabled: false, browserName: chrome, chrome: {chromedriverVersion: 2.40.565498 (ea082db3280dd6..., userDataDir: C:\Users\sr39\AppData\Local...}, cssSelectorsEnabled: true, databaseEnabled: false, handlesAlerts: true, hasTouchScreen: false, javascriptEnabled: true, locationContextEnabled: true, mobileEmulationEnabled: false, nativeEvents: true, networkConnectionEnabled: false, pageLoadStrategy: normal, platform: XP, platformName: XP, rotatable: false, setWindowRect: true, takesHeapSnapshot: true, takesScreenshot: true, unexpectedAlertBehaviour: , unhandledPromptBehavior: , version: 80.0.3987.106, webStorageEnabled: true}
Session ID: ad9cc59351382384ddfdd3232e1dcedd
*** Element info: {Using=id, value=input_stream_live_started_0_0}
	at org.openqa.selenium.remote.ErrorHandler.createThrowable(ErrorHandler.java:214)
	at org.openqa.selenium.remote.ErrorHandler.throwIfResponseFailed(ErrorHandler.java:166)
	at org.openqa.selenium.remote.http.JsonHttpResponseCodec.reconstructValue(JsonHttpResponseCodec.java:40)
	at org.openqa.selenium.remote.http.AbstractHttpResponseCodec.decode(AbstractHttpResponseCodec.java:80)
	at org.openqa.selenium.remote.http.AbstractHttpResponseCodec.decode(AbstractHttpResponseCodec.java:44)
	at org.openqa.selenium.remote.HttpCommandExecutor.execute(HttpCommandExecutor.java:158)
	at org.openqa.selenium.remote.service.DriverCommandExecutor.execute(DriverCommandExecutor.java:83)
	at org.openqa.selenium.remote.RemoteWebDriver.execute(RemoteWebDriver.java:552)
	at org.openqa.selenium.remote.RemoteWebDriver.findElement(RemoteWebDriver.java:323)
	at org.openqa.selenium.remote.RemoteWebDriver.findElementById(RemoteWebDriver.java:372)
	at org.openqa.selenium.By$ById.findElement(By.java:188)
	at org.openqa.selenium.remote.RemoteWebDriver.findElement(RemoteWebDriver.java:315)
	at bugpack.BUG_2102.LongRunDemo(BUG_2102.java:144)
	at java.util.ArrayList.forEach(Unknown Source)
... Removed 31 stack frames</div></td></tr></table><p class="totop"><a href="#summary">back to summary</a></p>
<h3 id="m1">bugpack.Bug_2109#LongRunDemo</h3><table class="result"><tr class="param"><th>Parameter #1</th><th>Parameter #2</th><th>Parameter #3</th></tr><tr class="param stripe"><td>http://10.0.0.202</td><td>C:\System\Automatiom_Exceldata\BUGS_Auto_json\Jons\Bug_2109.json</td><td>Bug_2109</td></tr><tr><th colspan="3">Exception</th></tr><tr><td colspan="3"><div class="stacktrace">org.openqa.selenium.NoSuchElementException: no such element: Unable to locate element: {&quot;method&quot;:&quot;xpath&quot;,&quot;selector&quot;:&quot;/html/body/div[2]/div/div[3]/div/div[7]/div[2]/div/div[2]&quot;}
  (Session info: chrome=80.0.3987.106)
  (Driver info: chromedriver=2.40.565498 (ea082db3280dd6843ebfb08a625e3eb905c4f5ab),platform=Windows NT 6.1.7600 x86_64) (WARNING: The server did not provide any stacktrace information)
Command duration or timeout: 0 milliseconds
For documentation on this error, please visit: https://www.seleniumhq.org/exceptions/no_such_element.html
Build info: version: &apos;3.141.59&apos;, revision: &apos;e82be7d358&apos;, time: &apos;2018-11-14T08:25:53&apos;
System info: host: &apos;SR39-PC&apos;, ip: &apos;10.0.0.39&apos;, os.name: &apos;Windows 7&apos;, os.arch: &apos;amd64&apos;, os.version: &apos;6.1&apos;, java.version: &apos;1.8.0_92&apos;
Driver info: org.openqa.selenium.chrome.ChromeDriver
Capabilities {acceptInsecureCerts: false, acceptSslCerts: false, applicationCacheEnabled: false, browserConnectionEnabled: false, browserName: chrome, chrome: {chromedriverVersion: 2.40.565498 (ea082db3280dd6..., userDataDir: C:\Users\sr39\AppData\Local...}, cssSelectorsEnabled: true, databaseEnabled: false, handlesAlerts: true, hasTouchScreen: false, javascriptEnabled: true, locationContextEnabled: true, mobileEmulationEnabled: false, nativeEvents: true, networkConnectionEnabled: false, pageLoadStrategy: normal, platform: XP, platformName: XP, rotatable: false, setWindowRect: true, takesHeapSnapshot: true, takesScreenshot: true, unexpectedAlertBehaviour: , unhandledPromptBehavior: , version: 80.0.3987.106, webStorageEnabled: true}
Session ID: 36996f946ab57adb76cd70aa8159596c
*** Element info: {Using=xpath, value=/html/body/div[2]/div/div[3]/div/div[7]/div[2]/div/div[2]}
	at org.openqa.selenium.remote.ErrorHandler.createThrowable(ErrorHandler.java:214)
	at org.openqa.selenium.remote.ErrorHandler.throwIfResponseFailed(ErrorHandler.java:166)
	at org.openqa.selenium.remote.http.JsonHttpResponseCodec.reconstructValue(JsonHttpResponseCodec.java:40)
	at org.openqa.selenium.remote.http.AbstractHttpResponseCodec.decode(AbstractHttpResponseCodec.java:80)
	at org.openqa.selenium.remote.http.AbstractHttpResponseCodec.decode(AbstractHttpResponseCodec.java:44)
	at org.openqa.selenium.remote.HttpCommandExecutor.execute(HttpCommandExecutor.java:158)
	at org.openqa.selenium.remote.service.DriverCommandExecutor.execute(DriverCommandExecutor.java:83)
	at org.openqa.selenium.remote.RemoteWebDriver.execute(RemoteWebDriver.java:552)
	at org.openqa.selenium.remote.RemoteWebDriver.findElement(RemoteWebDriver.java:323)
	at org.openqa.selenium.remote.RemoteWebDriver.findElementByXPath(RemoteWebDriver.java:428)
	at org.openqa.selenium.By$ByXPath.findElement(By.java:353)
	at org.openqa.selenium.remote.RemoteWebDriver.findElement(RemoteWebDriver.java:315)
	at bugpack.Bug_2109.LongRunDemo(Bug_2109.java:179)
	at java.util.ArrayList.forEach(Unknown Source)
... Removed 31 stack frames</div></td></tr></table><p class="totop"><a href="#summary">back to summary</a></p>
<h3 id="m2">bugpack.BUG_1985#LongRunDemo</h3><table class="result"><tr class="param"><th>Parameter #1</th><th>Parameter #2</th><th>Parameter #3</th></tr><tr class="param stripe"><td>http://10.0.0.223</td><td>C:\System\Automatiom_Exceldata\BUGS_Auto_json\Jons\BUG_1985.json</td><td>BUG_1985</td></tr></table><p class="totop"><a href="#summary">back to summary</a></p>
<h3 id="m3">bugpack.BUG_2087#LongRunDemo</h3><table class="result"><tr class="param"><th>Parameter #1</th><th>Parameter #2</th><th>Parameter #3</th></tr><tr class="param stripe"><td>http://10.0.0.223</td><td>C:\System\Automatiom_Exceldata\BUGS_Auto_json\Jons\BUG_2087.json</td><td>BUG_2087</td></tr></table><p class="totop"><a href="#summary">back to summary</a></p>
<h3 id="m4">bugpack.BUG_2087CH#LongRunDemo</h3><table class="result"><tr class="param"><th>Parameter #1</th><th>Parameter #2</th><th>Parameter #3</th></tr><tr class="param stripe"><td>http://10.0.0.223</td><td>C:\System\Automatiom_Exceldata\BUGS_Auto_json\Jons\BUG_2087_CH.json</td><td>BUG_2087_CH</td></tr></table><p class="totop"><a href="#summary">back to summary</a></p>
<h3 id="m5">bugpack.BUG_2089#LongRunDemo</h3><table class="result"><tr class="param"><th>Parameter #1</th><th>Parameter #2</th><th>Parameter #3</th></tr><tr class="param stripe"><td>http://10.0.0.202</td><td>C:\System\Automatiom_Exceldata\BUGS_Auto_json\Jons\BUG_2089.json</td><td>Bug_2089</td></tr></table><p class="totop"><a href="#summary">back to summary</a></p>
<h3 id="m6">bugpack.BUG_2127#LongRunDemo</h3><table class="result"><tr class="param"><th>Parameter #1</th><th>Parameter #2</th><th>Parameter #3</th></tr><tr class="param stripe"><td>http://10.0.0.223</td><td>C:\System\Automatiom_Exceldata\BUGS_Auto_json\Jons\BUG_2127.json</td><td>Bug_2127</td></tr></table><p class="totop"><a href="#summary">back to summary</a></p>
<h3 id="m7">bugpack.BUG_2128#LongRunDemo</h3><table class="result"><tr class="param"><th>Parameter #1</th><th>Parameter #2</th><th>Parameter #3</th></tr><tr class="param stripe"><td>http://10.0.0.223</td><td>C:\System\Automatiom_Exceldata\BUGS_Auto_json\Jons\BUG_2128.json</td><td>BUG_2128</td></tr></table><p class="totop"><a href="#summary">back to summary</a></p>
<h3 id="m8">bugpack.BUG_2160#LongRunDemo</h3><table class="result"><tr class="param"><th>Parameter #1</th><th>Parameter #2</th><th>Parameter #3</th></tr><tr class="param stripe"><td>http://10.0.0.223</td><td>C:\System\Automatiom_Exceldata\BUGS_Auto_json\Jons\BUG_2160.json</td><td>BUG_2160</td></tr></table><p class="totop"><a href="#summary">back to summary</a></p>
<h3 id="m9">bugpack.BUG_2187#LongRunDemo</h3><table class="result"><tr class="param"><th>Parameter #1</th><th>Parameter #2</th><th>Parameter #3</th></tr><tr class="param stripe"><td>http://10.0.0.223</td><td>C:\System\Automatiom_Exceldata\BUGS_Auto_json\Jons\BUG_2187.json</td><td>Bug_2187</td></tr></table><p class="totop"><a href="#summary">back to summary</a></p>
<h3 id="m10">bugpack.BUG_2187CH#LongRunDemo</h3><table class="result"><tr class="param"><th>Parameter #1</th><th>Parameter #2</th><th>Parameter #3</th></tr><tr class="param stripe"><td>http://10.0.0.223</td><td>C:\System\Automatiom_Exceldata\BUGS_Auto_json\Jons\BUG_2187ch.json</td><td>BUG_2187ch</td></tr></table><p class="totop"><a href="#summary">back to summary</a></p>
<h3 id="m11">bugpack.BUG_2188#LongRunDemo</h3><table class="result"><tr class="param"><th>Parameter #1</th><th>Parameter #2</th><th>Parameter #3</th></tr><tr class="param stripe"><td>http://10.0.0.223</td><td>C:\System\Automatiom_Exceldata\BUGS_Auto_json\Jons\BUG_2188.json</td><td>BUG_2188</td></tr></table><p class="totop"><a href="#summary">back to summary</a></p>
</body>
</html>
