<?xml version="1.0" encoding="UTF-8"?>
<testng-results skipped="0" failed="2" ignored="0" total="12" passed="10">
  <reporter-output>
  </reporter-output>
  <suite name="Suite" duration-ms="961732" started-at="2020-02-18T14:03:20 IST" finished-at="2020-02-18T14:19:22 IST">
    <groups>
    </groups>
    <test name="Test" duration-ms="961732" started-at="2020-02-18T14:03:20 IST" finished-at="2020-02-18T14:19:22 IST">
      <class name="bugpack.BUG_2160">
        <test-method status="PASS" signature="LongRunDemo(java.lang.String, java.lang.String, java.lang.String)[pri:0, instance:bugpack.BUG_2160@79be0360]" name="LongRunDemo" duration-ms="64396" started-at="2020-02-18T14:17:14 IST" data-provider="testdata" finished-at="2020-02-18T14:18:19 IST">
          <params>
            <param index="0">
              <value>
                <![CDATA[http://10.0.0.223]]>
              </value>
            </param>
            <param index="1">
              <value>
                <![CDATA[C:\System\Automatiom_Exceldata\BUGS_Auto_json\Jons\BUG_2160.json]]>
              </value>
            </param>
            <param index="2">
              <value>
                <![CDATA[BUG_2160]]>
              </value>
            </param>
          </params>
          <reporter-output>
          </reporter-output>
        </test-method> <!-- LongRunDemo -->
      </class> <!-- bugpack.BUG_2160 -->
      <class name="bugpack.BUG_2128">
        <test-method status="PASS" signature="LongRunDemo(java.lang.String, java.lang.String, java.lang.String)[pri:0, instance:bugpack.BUG_2128@6321e813]" name="LongRunDemo" duration-ms="62801" started-at="2020-02-18T14:16:11 IST" data-provider="testdata" finished-at="2020-02-18T14:17:14 IST">
          <params>
            <param index="0">
              <value>
                <![CDATA[http://10.0.0.223]]>
              </value>
            </param>
            <param index="1">
              <value>
                <![CDATA[C:\System\Automatiom_Exceldata\BUGS_Auto_json\Jons\BUG_2128.json]]>
              </value>
            </param>
            <param index="2">
              <value>
                <![CDATA[BUG_2128]]>
              </value>
            </param>
          </params>
          <reporter-output>
          </reporter-output>
        </test-method> <!-- LongRunDemo -->
      </class> <!-- bugpack.BUG_2128 -->
      <class name="bugpack.BUG_1985">
        <test-method status="PASS" signature="LongRunDemo(java.lang.String, java.lang.String, java.lang.String)[pri:0, instance:bugpack.BUG_1985@3d99d22e]" name="LongRunDemo" duration-ms="62850" started-at="2020-02-18T14:07:33 IST" data-provider="testdata" finished-at="2020-02-18T14:08:36 IST">
          <params>
            <param index="0">
              <value>
                <![CDATA[http://10.0.0.223]]>
              </value>
            </param>
            <param index="1">
              <value>
                <![CDATA[C:\System\Automatiom_Exceldata\BUGS_Auto_json\Jons\BUG_1985.json]]>
              </value>
            </param>
            <param index="2">
              <value>
                <![CDATA[BUG_1985]]>
              </value>
            </param>
          </params>
          <reporter-output>
          </reporter-output>
        </test-method> <!-- LongRunDemo -->
      </class> <!-- bugpack.BUG_1985 -->
      <class name="bugpack.BUG_2127">
        <test-method status="PASS" signature="LongRunDemo(java.lang.String, java.lang.String, java.lang.String)[pri:0, instance:bugpack.BUG_2127@4973813a]" name="LongRunDemo" duration-ms="63132" started-at="2020-02-18T14:15:08 IST" data-provider="testdata" finished-at="2020-02-18T14:16:11 IST">
          <params>
            <param index="0">
              <value>
                <![CDATA[http://10.0.0.223]]>
              </value>
            </param>
            <param index="1">
              <value>
                <![CDATA[C:\System\Automatiom_Exceldata\BUGS_Auto_json\Jons\BUG_2127.json]]>
              </value>
            </param>
            <param index="2">
              <value>
                <![CDATA[Bug_2127]]>
              </value>
            </param>
          </params>
          <reporter-output>
          </reporter-output>
        </test-method> <!-- LongRunDemo -->
      </class> <!-- bugpack.BUG_2127 -->
      <class name="bugpack.BUG_2102">
        <test-method status="FAIL" signature="LongRunDemo(java.lang.String, java.lang.String, java.lang.String)[pri:0, instance:bugpack.BUG_2102@cd2dae5]" name="LongRunDemo" duration-ms="91649" started-at="2020-02-18T14:11:28 IST" data-provider="testdata" finished-at="2020-02-18T14:12:59 IST">
          <params>
            <param index="0">
              <value>
                <![CDATA[http://10.0.0.202]]>
              </value>
            </param>
            <param index="1">
              <value>
                <![CDATA[C:\System\Automatiom_Exceldata\BUGS_Auto_json\Jons\BUG_2102.json]]>
              </value>
            </param>
            <param index="2">
              <value>
                <![CDATA[BUG_2102]]>
              </value>
            </param>
          </params>
          <exception class="org.openqa.selenium.NoSuchElementException">
            <message>
              <![CDATA[no such element: Unable to locate element: {"method":"id","selector":"input_stream_live_started_0_0"}
  (Session info: chrome=80.0.3987.106)
  (Driver info: chromedriver=2.40.565498 (ea082db3280dd6843ebfb08a625e3eb905c4f5ab),platform=Windows NT 6.1.7600 x86_64) (WARNING: The server did not provide any stacktrace information)
Command duration or timeout: 0 milliseconds
For documentation on this error, please visit: https://www.seleniumhq.org/exceptions/no_such_element.html
Build info: version: '3.141.59', revision: 'e82be7d358', time: '2018-11-14T08:25:53'
System info: host: 'SR39-PC', ip: '10.0.0.39', os.name: 'Windows 7', os.arch: 'amd64', os.version: '6.1', java.version: '1.8.0_92'
Driver info: org.openqa.selenium.chrome.ChromeDriver
Capabilities {acceptInsecureCerts: false, acceptSslCerts: false, applicationCacheEnabled: false, browserConnectionEnabled: false, browserName: chrome, chrome: {chromedriverVersion: 2.40.565498 (ea082db3280dd6..., userDataDir: C:\Users\sr39\AppData\Local...}, cssSelectorsEnabled: true, databaseEnabled: false, handlesAlerts: true, hasTouchScreen: false, javascriptEnabled: true, locationContextEnabled: true, mobileEmulationEnabled: false, nativeEvents: true, networkConnectionEnabled: false, pageLoadStrategy: normal, platform: XP, platformName: XP, rotatable: false, setWindowRect: true, takesHeapSnapshot: true, takesScreenshot: true, unexpectedAlertBehaviour: , unhandledPromptBehavior: , version: 80.0.3987.106, webStorageEnabled: true}
Session ID: ad9cc59351382384ddfdd3232e1dcedd
*** Element info: {Using=id, value=input_stream_live_started_0_0}]]>
            </message>
            <full-stacktrace>
              <![CDATA[org.openqa.selenium.NoSuchElementException: no such element: Unable to locate element: {"method":"id","selector":"input_stream_live_started_0_0"}
  (Session info: chrome=80.0.3987.106)
  (Driver info: chromedriver=2.40.565498 (ea082db3280dd6843ebfb08a625e3eb905c4f5ab),platform=Windows NT 6.1.7600 x86_64) (WARNING: The server did not provide any stacktrace information)
Command duration or timeout: 0 milliseconds
For documentation on this error, please visit: https://www.seleniumhq.org/exceptions/no_such_element.html
Build info: version: '3.141.59', revision: 'e82be7d358', time: '2018-11-14T08:25:53'
System info: host: 'SR39-PC', ip: '10.0.0.39', os.name: 'Windows 7', os.arch: 'amd64', os.version: '6.1', java.version: '1.8.0_92'
Driver info: org.openqa.selenium.chrome.ChromeDriver
Capabilities {acceptInsecureCerts: false, acceptSslCerts: false, applicationCacheEnabled: false, browserConnectionEnabled: false, browserName: chrome, chrome: {chromedriverVersion: 2.40.565498 (ea082db3280dd6..., userDataDir: C:\Users\sr39\AppData\Local...}, cssSelectorsEnabled: true, databaseEnabled: false, handlesAlerts: true, hasTouchScreen: false, javascriptEnabled: true, locationContextEnabled: true, mobileEmulationEnabled: false, nativeEvents: true, networkConnectionEnabled: false, pageLoadStrategy: normal, platform: XP, platformName: XP, rotatable: false, setWindowRect: true, takesHeapSnapshot: true, takesScreenshot: true, unexpectedAlertBehaviour: , unhandledPromptBehavior: , version: 80.0.3987.106, webStorageEnabled: true}
Session ID: ad9cc59351382384ddfdd3232e1dcedd
*** Element info: {Using=id, value=input_stream_live_started_0_0}
at sun.reflect.NativeConstructorAccessorImpl.newInstance0(Native Method)
at sun.reflect.NativeConstructorAccessorImpl.newInstance(Unknown Source)
at sun.reflect.DelegatingConstructorAccessorImpl.newInstance(Unknown Source)
at java.lang.reflect.Constructor.newInstance(Unknown Source)
at org.openqa.selenium.remote.ErrorHandler.createThrowable(ErrorHandler.java:214)
at org.openqa.selenium.remote.ErrorHandler.throwIfResponseFailed(ErrorHandler.java:166)
at org.openqa.selenium.remote.http.JsonHttpResponseCodec.reconstructValue(JsonHttpResponseCodec.java:40)
at org.openqa.selenium.remote.http.AbstractHttpResponseCodec.decode(AbstractHttpResponseCodec.java:80)
at org.openqa.selenium.remote.http.AbstractHttpResponseCodec.decode(AbstractHttpResponseCodec.java:44)
at org.openqa.selenium.remote.HttpCommandExecutor.execute(HttpCommandExecutor.java:158)
at org.openqa.selenium.remote.service.DriverCommandExecutor.execute(DriverCommandExecutor.java:83)
at org.openqa.selenium.remote.RemoteWebDriver.execute(RemoteWebDriver.java:552)
at org.openqa.selenium.remote.RemoteWebDriver.findElement(RemoteWebDriver.java:323)
at org.openqa.selenium.remote.RemoteWebDriver.findElementById(RemoteWebDriver.java:372)
at org.openqa.selenium.By$ById.findElement(By.java:188)
at org.openqa.selenium.remote.RemoteWebDriver.findElement(RemoteWebDriver.java:315)
at bugpack.BUG_2102.LongRunDemo(BUG_2102.java:144)
at sun.reflect.NativeMethodAccessorImpl.invoke0(Native Method)
at sun.reflect.NativeMethodAccessorImpl.invoke(Unknown Source)
at sun.reflect.DelegatingMethodAccessorImpl.invoke(Unknown Source)
at java.lang.reflect.Method.invoke(Unknown Source)
at org.testng.internal.MethodInvocationHelper.invokeMethod(MethodInvocationHelper.java:133)
at org.testng.internal.TestInvoker.invokeMethod(TestInvoker.java:584)
at org.testng.internal.TestInvoker.invokeTestMethod(TestInvoker.java:172)
at org.testng.internal.MethodRunner.runInSequence(MethodRunner.java:46)
at org.testng.internal.TestInvoker$MethodInvocationAgent.invoke(TestInvoker.java:804)
at org.testng.internal.TestInvoker.invokeTestMethods(TestInvoker.java:145)
at org.testng.internal.TestMethodWorker.invokeTestMethods(TestMethodWorker.java:146)
at org.testng.internal.TestMethodWorker.run(TestMethodWorker.java:128)
at java.util.ArrayList.forEach(Unknown Source)
at org.testng.TestRunner.privateRun(TestRunner.java:770)
at org.testng.TestRunner.run(TestRunner.java:591)
at org.testng.SuiteRunner.runTest(SuiteRunner.java:402)
at org.testng.SuiteRunner.runSequentially(SuiteRunner.java:396)
at org.testng.SuiteRunner.privateRun(SuiteRunner.java:355)
at org.testng.SuiteRunner.run(SuiteRunner.java:304)
at org.testng.SuiteRunnerWorker.runSuite(SuiteRunnerWorker.java:53)
at org.testng.SuiteRunnerWorker.run(SuiteRunnerWorker.java:96)
at org.testng.TestNG.runSuitesSequentially(TestNG.java:1180)
at org.testng.TestNG.runSuitesLocally(TestNG.java:1102)
at org.testng.TestNG.runSuites(TestNG.java:1032)
at org.testng.TestNG.run(TestNG.java:1000)
at org.testng.remote.AbstractRemoteTestNG.run(AbstractRemoteTestNG.java:115)
at org.testng.remote.RemoteTestNG.initAndRun(RemoteTestNG.java:251)
at org.testng.remote.RemoteTestNG.main(RemoteTestNG.java:77)
]]>
            </full-stacktrace>
          </exception> <!-- org.openqa.selenium.NoSuchElementException -->
          <reporter-output>
          </reporter-output>
        </test-method> <!-- LongRunDemo -->
      </class> <!-- bugpack.BUG_2102 -->
      <class name="bugpack.Bug_2109">
        <test-method status="FAIL" signature="LongRunDemo(java.lang.String, java.lang.String, java.lang.String)[pri:0, instance:bugpack.Bug_2109@3a883ce7]" name="LongRunDemo" duration-ms="129044" started-at="2020-02-18T14:12:59 IST" data-provider="testdata" finished-at="2020-02-18T14:15:08 IST">
          <params>
            <param index="0">
              <value>
                <![CDATA[http://10.0.0.202]]>
              </value>
            </param>
            <param index="1">
              <value>
                <![CDATA[C:\System\Automatiom_Exceldata\BUGS_Auto_json\Jons\Bug_2109.json]]>
              </value>
            </param>
            <param index="2">
              <value>
                <![CDATA[Bug_2109]]>
              </value>
            </param>
          </params>
          <exception class="org.openqa.selenium.NoSuchElementException">
            <message>
              <![CDATA[no such element: Unable to locate element: {"method":"xpath","selector":"/html/body/div[2]/div/div[3]/div/div[7]/div[2]/div/div[2]"}
  (Session info: chrome=80.0.3987.106)
  (Driver info: chromedriver=2.40.565498 (ea082db3280dd6843ebfb08a625e3eb905c4f5ab),platform=Windows NT 6.1.7600 x86_64) (WARNING: The server did not provide any stacktrace information)
Command duration or timeout: 0 milliseconds
For documentation on this error, please visit: https://www.seleniumhq.org/exceptions/no_such_element.html
Build info: version: '3.141.59', revision: 'e82be7d358', time: '2018-11-14T08:25:53'
System info: host: 'SR39-PC', ip: '10.0.0.39', os.name: 'Windows 7', os.arch: 'amd64', os.version: '6.1', java.version: '1.8.0_92'
Driver info: org.openqa.selenium.chrome.ChromeDriver
Capabilities {acceptInsecureCerts: false, acceptSslCerts: false, applicationCacheEnabled: false, browserConnectionEnabled: false, browserName: chrome, chrome: {chromedriverVersion: 2.40.565498 (ea082db3280dd6..., userDataDir: C:\Users\sr39\AppData\Local...}, cssSelectorsEnabled: true, databaseEnabled: false, handlesAlerts: true, hasTouchScreen: false, javascriptEnabled: true, locationContextEnabled: true, mobileEmulationEnabled: false, nativeEvents: true, networkConnectionEnabled: false, pageLoadStrategy: normal, platform: XP, platformName: XP, rotatable: false, setWindowRect: true, takesHeapSnapshot: true, takesScreenshot: true, unexpectedAlertBehaviour: , unhandledPromptBehavior: , version: 80.0.3987.106, webStorageEnabled: true}
Session ID: 36996f946ab57adb76cd70aa8159596c
*** Element info: {Using=xpath, value=/html/body/div[2]/div/div[3]/div/div[7]/div[2]/div/div[2]}]]>
            </message>
            <full-stacktrace>
              <![CDATA[org.openqa.selenium.NoSuchElementException: no such element: Unable to locate element: {"method":"xpath","selector":"/html/body/div[2]/div/div[3]/div/div[7]/div[2]/div/div[2]"}
  (Session info: chrome=80.0.3987.106)
  (Driver info: chromedriver=2.40.565498 (ea082db3280dd6843ebfb08a625e3eb905c4f5ab),platform=Windows NT 6.1.7600 x86_64) (WARNING: The server did not provide any stacktrace information)
Command duration or timeout: 0 milliseconds
For documentation on this error, please visit: https://www.seleniumhq.org/exceptions/no_such_element.html
Build info: version: '3.141.59', revision: 'e82be7d358', time: '2018-11-14T08:25:53'
System info: host: 'SR39-PC', ip: '10.0.0.39', os.name: 'Windows 7', os.arch: 'amd64', os.version: '6.1', java.version: '1.8.0_92'
Driver info: org.openqa.selenium.chrome.ChromeDriver
Capabilities {acceptInsecureCerts: false, acceptSslCerts: false, applicationCacheEnabled: false, browserConnectionEnabled: false, browserName: chrome, chrome: {chromedriverVersion: 2.40.565498 (ea082db3280dd6..., userDataDir: C:\Users\sr39\AppData\Local...}, cssSelectorsEnabled: true, databaseEnabled: false, handlesAlerts: true, hasTouchScreen: false, javascriptEnabled: true, locationContextEnabled: true, mobileEmulationEnabled: false, nativeEvents: true, networkConnectionEnabled: false, pageLoadStrategy: normal, platform: XP, platformName: XP, rotatable: false, setWindowRect: true, takesHeapSnapshot: true, takesScreenshot: true, unexpectedAlertBehaviour: , unhandledPromptBehavior: , version: 80.0.3987.106, webStorageEnabled: true}
Session ID: 36996f946ab57adb76cd70aa8159596c
*** Element info: {Using=xpath, value=/html/body/div[2]/div/div[3]/div/div[7]/div[2]/div/div[2]}
at sun.reflect.NativeConstructorAccessorImpl.newInstance0(Native Method)
at sun.reflect.NativeConstructorAccessorImpl.newInstance(Unknown Source)
at sun.reflect.DelegatingConstructorAccessorImpl.newInstance(Unknown Source)
at java.lang.reflect.Constructor.newInstance(Unknown Source)
at org.openqa.selenium.remote.ErrorHandler.createThrowable(ErrorHandler.java:214)
at org.openqa.selenium.remote.ErrorHandler.throwIfResponseFailed(ErrorHandler.java:166)
at org.openqa.selenium.remote.http.JsonHttpResponseCodec.reconstructValue(JsonHttpResponseCodec.java:40)
at org.openqa.selenium.remote.http.AbstractHttpResponseCodec.decode(AbstractHttpResponseCodec.java:80)
at org.openqa.selenium.remote.http.AbstractHttpResponseCodec.decode(AbstractHttpResponseCodec.java:44)
at org.openqa.selenium.remote.HttpCommandExecutor.execute(HttpCommandExecutor.java:158)
at org.openqa.selenium.remote.service.DriverCommandExecutor.execute(DriverCommandExecutor.java:83)
at org.openqa.selenium.remote.RemoteWebDriver.execute(RemoteWebDriver.java:552)
at org.openqa.selenium.remote.RemoteWebDriver.findElement(RemoteWebDriver.java:323)
at org.openqa.selenium.remote.RemoteWebDriver.findElementByXPath(RemoteWebDriver.java:428)
at org.openqa.selenium.By$ByXPath.findElement(By.java:353)
at org.openqa.selenium.remote.RemoteWebDriver.findElement(RemoteWebDriver.java:315)
at bugpack.Bug_2109.LongRunDemo(Bug_2109.java:179)
at sun.reflect.NativeMethodAccessorImpl.invoke0(Native Method)
at sun.reflect.NativeMethodAccessorImpl.invoke(Unknown Source)
at sun.reflect.DelegatingMethodAccessorImpl.invoke(Unknown Source)
at java.lang.reflect.Method.invoke(Unknown Source)
at org.testng.internal.MethodInvocationHelper.invokeMethod(MethodInvocationHelper.java:133)
at org.testng.internal.TestInvoker.invokeMethod(TestInvoker.java:584)
at org.testng.internal.TestInvoker.invokeTestMethod(TestInvoker.java:172)
at org.testng.internal.MethodRunner.runInSequence(MethodRunner.java:46)
at org.testng.internal.TestInvoker$MethodInvocationAgent.invoke(TestInvoker.java:804)
at org.testng.internal.TestInvoker.invokeTestMethods(TestInvoker.java:145)
at org.testng.internal.TestMethodWorker.invokeTestMethods(TestMethodWorker.java:146)
at org.testng.internal.TestMethodWorker.run(TestMethodWorker.java:128)
at java.util.ArrayList.forEach(Unknown Source)
at org.testng.TestRunner.privateRun(TestRunner.java:770)
at org.testng.TestRunner.run(TestRunner.java:591)
at org.testng.SuiteRunner.runTest(SuiteRunner.java:402)
at org.testng.SuiteRunner.runSequentially(SuiteRunner.java:396)
at org.testng.SuiteRunner.privateRun(SuiteRunner.java:355)
at org.testng.SuiteRunner.run(SuiteRunner.java:304)
at org.testng.SuiteRunnerWorker.runSuite(SuiteRunnerWorker.java:53)
at org.testng.SuiteRunnerWorker.run(SuiteRunnerWorker.java:96)
at org.testng.TestNG.runSuitesSequentially(TestNG.java:1180)
at org.testng.TestNG.runSuitesLocally(TestNG.java:1102)
at org.testng.TestNG.runSuites(TestNG.java:1032)
at org.testng.TestNG.run(TestNG.java:1000)
at org.testng.remote.AbstractRemoteTestNG.run(AbstractRemoteTestNG.java:115)
at org.testng.remote.RemoteTestNG.initAndRun(RemoteTestNG.java:251)
at org.testng.remote.RemoteTestNG.main(RemoteTestNG.java:77)
]]>
            </full-stacktrace>
          </exception> <!-- org.openqa.selenium.NoSuchElementException -->
          <reporter-output>
          </reporter-output>
        </test-method> <!-- LongRunDemo -->
      </class> <!-- bugpack.Bug_2109 -->
      <class name="bugpack.BUG_2087">
        <test-method status="PASS" signature="LongRunDemo(java.lang.String, java.lang.String, java.lang.String)[pri:0, instance:bugpack.BUG_2087@6e6c3152]" name="LongRunDemo" duration-ms="59040" started-at="2020-02-18T14:03:21 IST" data-provider="testdata" finished-at="2020-02-18T14:04:20 IST">
          <params>
            <param index="0">
              <value>
                <![CDATA[http://10.0.0.223]]>
              </value>
            </param>
            <param index="1">
              <value>
                <![CDATA[C:\System\Automatiom_Exceldata\BUGS_Auto_json\Jons\BUG_2087.json]]>
              </value>
            </param>
            <param index="2">
              <value>
                <![CDATA[BUG_2087]]>
              </value>
            </param>
          </params>
          <reporter-output>
          </reporter-output>
        </test-method> <!-- LongRunDemo -->
      </class> <!-- bugpack.BUG_2087 -->
      <class name="bugpack.BUG_2087CH">
        <test-method status="PASS" signature="LongRunDemo(java.lang.String, java.lang.String, java.lang.String)[pri:0, instance:bugpack.BUG_2087CH@50b494a6]" name="LongRunDemo" duration-ms="65677" started-at="2020-02-18T14:04:20 IST" data-provider="testdata" finished-at="2020-02-18T14:05:26 IST">
          <params>
            <param index="0">
              <value>
                <![CDATA[http://10.0.0.223]]>
              </value>
            </param>
            <param index="1">
              <value>
                <![CDATA[C:\System\Automatiom_Exceldata\BUGS_Auto_json\Jons\BUG_2087_CH.json]]>
              </value>
            </param>
            <param index="2">
              <value>
                <![CDATA[BUG_2087_CH]]>
              </value>
            </param>
          </params>
          <reporter-output>
          </reporter-output>
        </test-method> <!-- LongRunDemo -->
      </class> <!-- bugpack.BUG_2087CH -->
      <class name="bugpack.BUG_2187CH">
        <test-method status="PASS" signature="LongRunDemo(java.lang.String, java.lang.String, java.lang.String)[pri:0, instance:bugpack.BUG_2187CH@32709393]" name="LongRunDemo" duration-ms="66072" started-at="2020-02-18T14:06:27 IST" data-provider="testdata" finished-at="2020-02-18T14:07:33 IST">
          <params>
            <param index="0">
              <value>
                <![CDATA[http://10.0.0.223]]>
              </value>
            </param>
            <param index="1">
              <value>
                <![CDATA[C:\System\Automatiom_Exceldata\BUGS_Auto_json\Jons\BUG_2187ch.json]]>
              </value>
            </param>
            <param index="2">
              <value>
                <![CDATA[BUG_2187ch]]>
              </value>
            </param>
          </params>
          <reporter-output>
          </reporter-output>
        </test-method> <!-- LongRunDemo -->
      </class> <!-- bugpack.BUG_2187CH -->
      <class name="bugpack.BUG_2188">
        <test-method status="PASS" signature="LongRunDemo(java.lang.String, java.lang.String, java.lang.String)[pri:0, instance:bugpack.BUG_2188@22a67b4]" name="LongRunDemo" duration-ms="63531" started-at="2020-02-18T14:18:19 IST" data-provider="testdata" finished-at="2020-02-18T14:19:22 IST">
          <params>
            <param index="0">
              <value>
                <![CDATA[http://10.0.0.223]]>
              </value>
            </param>
            <param index="1">
              <value>
                <![CDATA[C:\System\Automatiom_Exceldata\BUGS_Auto_json\Jons\BUG_2188.json]]>
              </value>
            </param>
            <param index="2">
              <value>
                <![CDATA[BUG_2188]]>
              </value>
            </param>
          </params>
          <reporter-output>
          </reporter-output>
        </test-method> <!-- LongRunDemo -->
      </class> <!-- bugpack.BUG_2188 -->
      <class name="bugpack.BUG_2089">
        <test-method status="PASS" signature="LongRunDemo(java.lang.String, java.lang.String, java.lang.String)[pri:0, instance:bugpack.BUG_2089@49fc609f]" name="LongRunDemo" duration-ms="171739" started-at="2020-02-18T14:08:36 IST" data-provider="testdata" finished-at="2020-02-18T14:11:27 IST">
          <params>
            <param index="0">
              <value>
                <![CDATA[http://10.0.0.202]]>
              </value>
            </param>
            <param index="1">
              <value>
                <![CDATA[C:\System\Automatiom_Exceldata\BUGS_Auto_json\Jons\BUG_2089.json]]>
              </value>
            </param>
            <param index="2">
              <value>
                <![CDATA[Bug_2089]]>
              </value>
            </param>
          </params>
          <reporter-output>
          </reporter-output>
        </test-method> <!-- LongRunDemo -->
      </class> <!-- bugpack.BUG_2089 -->
      <class name="bugpack.BUG_2187">
        <test-method status="PASS" signature="LongRunDemo(java.lang.String, java.lang.String, java.lang.String)[pri:0, instance:bugpack.BUG_2187@3cef309d]" name="LongRunDemo" duration-ms="61061" started-at="2020-02-18T14:05:26 IST" data-provider="testdata" finished-at="2020-02-18T14:06:27 IST">
          <params>
            <param index="0">
              <value>
                <![CDATA[http://10.0.0.223]]>
              </value>
            </param>
            <param index="1">
              <value>
                <![CDATA[C:\System\Automatiom_Exceldata\BUGS_Auto_json\Jons\BUG_2187.json]]>
              </value>
            </param>
            <param index="2">
              <value>
                <![CDATA[Bug_2187]]>
              </value>
            </param>
          </params>
          <reporter-output>
          </reporter-output>
        </test-method> <!-- LongRunDemo -->
      </class> <!-- bugpack.BUG_2187 -->
    </test> <!-- Test -->
  </suite> <!-- Suite -->
</testng-results>
